[ 2023-12-27 17:10:06,483 ] 23 root - INFO - Fetching the data paths
[ 2023-12-27 17:10:06,483 ] 25 root - INFO - Data paths fetched successfully
[ 2023-12-27 17:10:06,483 ] 271 root - INFO - Reading Data
[ 2023-12-27 17:10:52,406 ] 275 root - INFO - Read Successfully Now reconstructing the essay
[ 2023-12-27 17:12:11,849 ] 283 root - INFO - Essay reconstruction completed Now Mapping the scores
[ 2023-12-27 17:12:11,964 ] 288 root - INFO - Mapped Successfully and Number of features in train_feats are : 166
[ 2023-12-27 17:12:12,256 ] 298 root - INFO - Reading Test Data
[ 2023-12-27 17:12:12,416 ] 302 root - INFO - Read Successfully Now transforming
[ 2023-12-27 17:12:12,616 ] 311 root - INFO - Transformation Completed
[ 2023-12-27 17:12:12,639 ] 42 root - INFO - Training started
[ 2023-12-27 17:12:12,688 ] 48 root - INFO - Fitting Started
[ 2023-12-27 17:13:15,500 ] 21 root - INFO - Evaluating the model
[ 2023-12-27 17:13:15,937 ] 25 root - INFO - Evaluation completed
[ 2023-12-27 17:13:15,937 ] 51 root - INFO -  The stacking model has a rmse of 0.5424189222470805
[ 2023-12-27 17:13:15,937 ] 52 root - INFO - Fitting completed
[ 2023-12-27 17:13:15,937 ] 54 root - INFO - Now saving the model
[ 2023-12-27 17:13:15,964 ] 39 root - INFO - Dumping starts of StackingRegressor(estimators=[('LGBM',
                               LGBMRegressor(max_bin=511, max_depth=5,
                                             min_child_samples=30,
                                             n_estimators=50)),
                              ('CatBoost',
                               <catboost.core.CatBoostRegressor object at 0x000001DE8BFEC1D0>),
                              ('RandomForest',
                               RandomForestRegressor(max_depth=7,
                                                     max_features='sqrt',
                                                     max_leaf_nodes=50,
                                                     n_estimators=200)),
                              ('SVR', SVR(C=1, gamma='auto')),
                              ('XGB',
                               XGBRegressor(base_...
                                            interaction_constraints=None,
                                            learning_rate=None, max_bin=None,
                                            max_cat_threshold=None,
                                            max_cat_to_onehot=None,
                                            max_delta_step=None, max_depth=None,
                                            max_leaves=None,
                                            min_child_weight=None, missing=nan,
                                            monotone_constraints=None,
                                            multi_strategy=None,
                                            n_estimators=None, n_jobs=None,
                                            num_parallel_tree=None,
                                            random_state=None, ...))],
                  final_estimator=LinearRegression())
[ 2023-12-27 17:13:16,002 ] 45 root - INFO - Dumping Completed
[ 2023-12-27 17:13:16,002 ] 59 root - INFO - Model saved successfully
